<?xml version="1.0" encoding="UTF-8"?>
<!-- Generated by org.testng.reporters.JUnitReportReporter -->
<testsuite hostname="VaishnavPC" failures="0" tests="3" name="test.Day1" time="0.015" errors="0" timestamp="2021-03-28T13:09:47 IST" skipped="0">
  <testcase classname="test.Day1" name="mobileCarLoan" time="0.002"/>
  <system-out/>
  <testcase classname="test.Day1" name="apiCarLoan" time="0.011"/>
  <system-out/>
  <testcase classname="test.Day1" name="webCarLoan" time="0.002"/>
  <system-out/>
</testsuite> <!-- test.Day1 -->
