<?xml version="1.0" encoding="UTF-8"?>
<!-- Generated by org.testng.reporters.JUnitReportReporter -->
<testsuite hostname="VaishnavPC" failures="0" tests="2" name="test.Parameterization" time="0.011" errors="0" timestamp="2021-03-30T14:18:42 IST" skipped="0">
  <testcase classname="test.Parameterization" name="userName" time="0.006"/>
  <system-out/>
  <testcase classname="test.Parameterization" name="webCarLoan" time="0.005"/>
  <system-out/>
</testsuite> <!-- test.Parameterization -->
