<?xml version="1.0" encoding="UTF-8"?>
<!-- Generated by org.testng.reporters.JUnitReportReporter -->
<testsuite hostname="VaishnavPC" failures="0" tests="2" name="SamplePackage.Day1" time="0.018" errors="0" timestamp="2021-03-27T12:18:40 IST" skipped="0">
  <testcase classname="SamplePackage.Day1" name="Test2" time="0.016"/>
  <system-out/>
  <testcase classname="SamplePackage.Day1" name="demo" time="0.002"/>
  <system-out/>
</testsuite> <!-- SamplePackage.Day1 -->
