<?xml version="1.0" encoding="UTF-8"?>
<!-- Generated by org.testng.reporters.JUnitReportReporter -->
<testsuite hostname="VaishnavPC" failures="0" tests="1" name="test.Listeners" time="0.023" errors="0" timestamp="2021-03-30T16:18:33 IST" skipped="0">
  <testcase classname="test.Listeners" name="demo" time="0.023"/>
  <system-out/>
</testsuite> <!-- test.Listeners -->
