<?xml version="1.0" encoding="UTF-8"?>
<!-- Generated by org.testng.reporters.JUnitReportReporter -->
<testsuite hostname="VaishnavPC" failures="0" tests="1" name="SamplePackage.Basics" time="0.019" errors="0" timestamp="2021-03-27T12:15:36 IST" skipped="0">
  <testcase classname="SamplePackage.Basics" name="demo" time="0.019"/>
  <system-out/>
</testsuite> <!-- SamplePackage.Basics -->
