<?xml version="1.0" encoding="UTF-8"?>
<!-- Generated by org.testng.reporters.JUnitReportReporter -->
<testsuite hostname="VaishnavPC" failures="0" tests="2" name="test.Day2HomeLoan" time="0.002" errors="0" timestamp="2021-03-31T07:23:35 IST" skipped="1">
  <testcase classname="test.Day2HomeLoan" name="webHomeLoan" time="0.002"/>
  <system-out/>
  <testcase classname="test.Day2HomeLoan" name="mobileHomeLoan">
    <skipped/>
  </testcase> <!-- mobileHomeLoan -->
  <system-out/>
</testsuite> <!-- test.Day2HomeLoan -->
