<?xml version="1.0" encoding="UTF-8"?>
<!-- Generated by org.testng.reporters.JUnitReportReporter -->
<testsuite skipped="0" hostname="VaishnavPC" name="test.DataProvider_demo" tests="3" failures="0" timestamp="2021-04-12T14:07:13 IST" time="0.013" errors="0">
  <testcase name="Demo" time="0.002" classname="test.DataProvider_demo"/>
  <system-out/>
  <testcase name="Demo" time="0.002" classname="test.DataProvider_demo"/>
  <system-out/>
  <testcase name="Demo" time="0.009" classname="test.DataProvider_demo"/>
  <system-out/>
</testsuite> <!-- test.DataProvider_demo -->
