<?xml version="1.0" encoding="UTF-8"?>
<!-- Generated by org.testng.reporters.JUnitReportReporter -->
<testsuite hostname="VaishnavPC" failures="0" tests="3" name="test.TestPriority" time="0.007" errors="0" timestamp="2021-03-28T13:09:47 IST" skipped="0">
  <testcase classname="test.TestPriority" name="mobileHomeLoan" time="0.004"/>
  <system-out/>
  <testcase classname="test.TestPriority" name="webHomeLoan" time="0.002"/>
  <system-out/>
  <testcase classname="test.TestPriority" name="apiHomeLoan" time="0.001"/>
  <system-out/>
</testsuite> <!-- test.TestPriority -->
